#
# A fatal error has been detected by the Java Runtime Environment:
#
#  EXCEPTION_ACCESS_VIOLATION (0xc0000005) at pc=0x00007fffdb75f98b, pid=8716, tid=5548
#
# JRE version: OpenJDK Runtime Environment (11.0.4+11) (build 11.0.4+11-LTS)
# Java VM: OpenJDK 64-Bit Server VM (11.0.4+11-LTS, mixed mode, tiered, compressed oops, g1 gc, windows-amd64)
# Problematic frame:
# C  0x00007fffdb75f98b
#
# No core dump will be written. Minidumps are not enabled by default on client versions of Windows
#
# If you would like to submit a bug report, please visit:
#   http://bugreport.java.com/bugreport/crash.jsp
#

---------------  S U M M A R Y ------------

Command Line: -Dfile.encoding=UTF-8 v.i.incandenza.CSFBL_WAR_Tool

Host: Intel(R) Xeon(R) CPU           W3680  @ 3.33GHz, 6 cores, 15G,  Windows 10 , 64 bit Build 18362 (10.0.18362.86)
Time: Mon Sep  2 20:37:02 2019 Eastern Daylight Time elapsed time: 10 seconds (0d 0h 0m 10s)

---------------  T H R E A D  ---------------

Current thread (0x0000026809c4e000):  GCTaskThread "GC Thread#5" [stack: 0x0000008d1d200000,0x0000008d1d300000] [id=5548]

Stack: [0x0000008d1d200000,0x0000008d1d300000],  sp=0x0000008d1d2fdc00,  free space=1015k
Native frames: (J=compiled Java code, j=interpreted, Vv=VM code, C=native code)
C  0x00007fffdb75f98b

JavaThread 0x000002680721b000 (nid = 6052) was being processed
Java frames: (J=compiled Java code, j=interpreted, Vv=VM code)
j  java.nio.HeapByteBuffer.<init>(II)V+6 java.base@11.0.4
j  java.nio.ByteBuffer.allocate(I)Ljava/nio/ByteBuffer;+15 java.base@11.0.4
j  sun.nio.cs.StreamDecoder.<init>(Ljava/io/InputStream;Ljava/lang/Object;Ljava/nio/charset/CharsetDecoder;)V+44 java.base@11.0.4
j  sun.nio.cs.StreamDecoder.<init>(Ljava/io/InputStream;Ljava/lang/Object;Ljava/nio/charset/Charset;)V+19 java.base@11.0.4
j  sun.nio.cs.StreamDecoder.forInputStreamReader(Ljava/io/InputStream;Ljava/lang/Object;Ljava/lang/String;)Lsun/nio/cs/StreamDecoder;+30 java.base@11.0.4
j  java.io.InputStreamReader.<init>(Ljava/io/InputStream;Ljava/lang/String;)V+23 java.base@11.0.4
j  org.jsoup.helper.DataUtil.parseInputStream(Ljava/io/InputStream;Ljava/lang/String;Ljava/lang/String;Lorg/jsoup/parser/Parser;)Lorg/jsoup/nodes/Document;+347
j  org.jsoup.helper.HttpConnection$Response.parse()Lorg/jsoup/nodes/Document;+72
j  org.jsoup.helper.HttpConnection.get()Lorg/jsoup/nodes/Document;+22
j  v.i.incandenza.StatsPanel.<init>(Ljava/util/ArrayList;Ljava/lang/String;)V+849
j  v.i.incandenza.ButtonHandler.actionPerformed(Ljava/awt/event/ActionEvent;)V+132
j  javax.swing.AbstractButton.fireActionPerformed(Ljava/awt/event/ActionEvent;)V+83 java.desktop@11.0.4
j  javax.swing.AbstractButton$Handler.actionPerformed(Ljava/awt/event/ActionEvent;)V+5 java.desktop@11.0.4
j  javax.swing.DefaultButtonModel.fireActionPerformed(Ljava/awt/event/ActionEvent;)V+34 java.desktop@11.0.4
j  javax.swing.DefaultButtonModel.setPressed(Z)V+117 java.desktop@11.0.4
j  javax.swing.plaf.basic.BasicButtonListener.mouseReleased(Ljava/awt/event/MouseEvent;)V+35 java.desktop@11.0.4
j  java.awt.Component.processMouseEvent(Ljava/awt/event/MouseEvent;)V+64 java.desktop@11.0.4
j  javax.swing.JComponent.processMouseEvent(Ljava/awt/event/MouseEvent;)V+23 java.desktop@11.0.4
j  java.awt.Component.processEvent(Ljava/awt/AWTEvent;)V+81 java.desktop@11.0.4
j  java.awt.Container.processEvent(Ljava/awt/AWTEvent;)V+18 java.desktop@11.0.4
j  java.awt.Component.dispatchEventImpl(Ljava/awt/AWTEvent;)V+496 java.desktop@11.0.4
J 1164 c1 java.awt.Container.dispatchEventImpl(Ljava/awt/AWTEvent;)V java.desktop@11.0.4 (129 bytes) @ 0x000002686b089d9c [0x000002686b089c60+0x000000000000013c]
J 1068 c1 java.awt.Component.dispatchEvent(Ljava/awt/AWTEvent;)V java.desktop@11.0.4 (6 bytes) @ 0x000002686b05cec4 [0x000002686b05cdc0+0x0000000000000104]
j  java.awt.LightweightDispatcher.retargetMouseEvent(Ljava/awt/Component;ILjava/awt/event/MouseEvent;)V+349 java.desktop@11.0.4
j  java.awt.LightweightDispatcher.processMouseEvent(Ljava/awt/event/MouseEvent;)Z+155 java.desktop@11.0.4
j  java.awt.LightweightDispatcher.dispatchEvent(Ljava/awt/AWTEvent;)Z+50 java.desktop@11.0.4
J 1164 c1 java.awt.Container.dispatchEventImpl(Ljava/awt/AWTEvent;)V java.desktop@11.0.4 (129 bytes) @ 0x000002686b089d3c [0x000002686b089c60+0x00000000000000dc]
j  java.awt.Window.dispatchEventImpl(Ljava/awt/AWTEvent;)V+19 java.desktop@11.0.4
J 1169 c1 java.awt.EventQueue.dispatchEventImpl(Ljava/awt/AWTEvent;Ljava/lang/Object;)V java.desktop@11.0.4 (136 bytes) @ 0x000002686b08cc2c [0x000002686b08c740+0x00000000000004ec]
J 1168 c1 java.awt.EventQueue$4.run()Ljava/lang/Void; java.desktop@11.0.4 (60 bytes) @ 0x000002686b08bfc4 [0x000002686b08be80+0x0000000000000144]
J 1167 c1 java.awt.EventQueue$4.run()Ljava/lang/Object; java.desktop@11.0.4 (5 bytes) @ 0x000002686b08bac4 [0x000002686b08ba40+0x0000000000000084]
v  ~StubRoutines::call_stub
J 1025  java.security.AccessController.doPrivileged(Ljava/security/PrivilegedAction;Ljava/security/AccessControlContext;)Ljava/lang/Object; java.base@11.0.4 (0 bytes) @ 0x00000268724251b6 [0x0000026872425140+0x0000000000000076]
J 1033 c1 java.security.ProtectionDomain$JavaSecurityAccessImpl.doIntersectionPrivilege(Ljava/security/PrivilegedAction;Ljava/security/AccessControlContext;Ljava/security/AccessControlContext;)Ljava/lang/Object; java.base@11.0.4 (22 bytes) @ 0x000002686b04c3d4 [0x000002686b04c0a0+0x0000000000000334]
j  java.security.ProtectionDomain$JavaSecurityAccessImpl.doIntersectionPrivilege(Ljava/security/PrivilegedAction;Ljava/security/AccessControlContext;)Ljava/lang/Object;+6 java.base@11.0.4
j  java.awt.EventQueue$5.run()Ljava/lang/Void;+11 java.desktop@11.0.4
j  java.awt.EventQueue$5.run()Ljava/lang/Object;+1 java.desktop@11.0.4
v  ~StubRoutines::call_stub
J 1025  java.security.AccessController.doPrivileged(Ljava/security/PrivilegedAction;Ljava/security/AccessControlContext;)Ljava/lang/Object; java.base@11.0.4 (0 bytes) @ 0x00000268724251b6 [0x0000026872425140+0x0000000000000076]
J 1070 c1 java.awt.EventQueue.dispatchEvent(Ljava/awt/AWTEvent;)V java.desktop@11.0.4 (80 bytes) @ 0x000002686b05e2fc [0x000002686b05d7a0+0x0000000000000b5c]
J 1078 c1 java.awt.EventDispatchThread.pumpOneEventForFilters(I)V java.desktop@11.0.4 (113 bytes) @ 0x000002686b064a7c [0x000002686b064320+0x000000000000075c]
j  java.awt.EventDispatchThread.pumpEventsForFilter(ILjava/awt/Conditional;Ljava/awt/EventFilter;)V+35 java.desktop@11.0.4
j  java.awt.EventDispatchThread.pumpEventsForHierarchy(ILjava/awt/Conditional;Ljava/awt/Component;)V+11 java.desktop@11.0.4
j  java.awt.EventDispatchThread.pumpEvents(ILjava/awt/Conditional;)V+4 java.desktop@11.0.4
j  java.awt.EventDispatchThread.pumpEvents(Ljava/awt/Conditional;)V+3 java.desktop@11.0.4
j  java.awt.EventDispatchThread.run()V+9 java.desktop@11.0.4
v  ~StubRoutines::call_stub

siginfo: EXCEPTION_ACCESS_VIOLATION (0xc0000005), data execution prevention violation at address 0x00007fffdb75f98b


Register to memory mapping:

RIP=0x00007fffdb75f98b is an unknown value
RAX=0x00007fffdb75f98b is an unknown value
RBX=0x000000070ef4ac01 is pointing into object: [Ljava.lang.Object; 
{0x000000070ef4abb0} - klass: 'java/lang/Object'[]
 - length: 28
RCX=0x00007fff502c0000 jvm.dll
RDX=0x000000070fab6310 is an oop: org.jsoup.parser.Tag 
{0x000000070fab6310} - klass: 'org/jsoup/parser/Tag'
RSP=0x0000008d1d2fdc00 points into unknown readable memory: 01 ac f4 0e 07 00 00 00
RBP=0x0000026809b9bc00 points into unknown readable memory: 28 47 ad 50 ff 7f 00 00
RSI=
[error occurred during error reporting (printing register info), id 0xc0000005, EXCEPTION_ACCESS_VIOLATION (0xc0000005) at pc=0x00007fff50447756]

Registers:
RAX=0x00007fffdb75f98b, RBX=0x000000070ef4ac01, RCX=0x00007fff502c0000, RDX=0x000000070fab6310
RSP=0x0000008d1d2fdc00, RBP=0x0000026809b9bc00, RSI=0x000000070ef4acd0, RDI=0x0000000000000001
R8 =0x0000000000000005, R9 =0x000000070ef4acd0, R10=0x000000070ef4acb8, R11=0x0000026809b9bd70
R12=0x0000000000000000, R13=0x0000000000000003, R14=0x000000070fab6310, R15=0x0000000000000005
RIP=0x00007fffdb75f98b, EFLAGS=0x0000000000010206

Top of Stack: (sp=0x0000008d1d2fdc00)
0x0000008d1d2fdc00:   000000070ef4ac01 000000070ef4acd0
0x0000008d1d2fdc10:   000000070ef4aca8 00007fff50589ffe
0x0000008d1d2fdc20:   000002680000008f 0000008d1d2fdea8
0x0000008d1d2fdc30:   0000000900688780 0000000000000040
0x0000008d1d2fdc40:   0000026809b9bc00 0000000000000040
0x0000008d1d2fdc50:   000002686228aca8 0000008d1d2fdea8
0x0000008d1d2fdc60:   0000000000000000 000002686228aca0
0x0000008d1d2fdc70:   0000000000000008 00007fff505b398d
0x0000008d1d2fdc80:   000002686228aca0 000002686228ac00
0x0000008d1d2fdc90:   0000000000000000 000000070ef4acbc
0x0000008d1d2fdca0:   0000000000000000 000000070ef4acbd
0x0000008d1d2fdcb0:   0000008d1d2fdd40 00007fff505b5499
0x0000008d1d2fdcc0:   0000000000000002 0000026809b9bc00
0x0000008d1d2fdcd0:   0000000000000008 000000000000003a
0x0000008d1d2fdce0:   0000008d1d2fde88 0000000000000351
0x0000008d1d2fdcf0:   0000000000000000 0045550555555555 

Instructions: (pc=0x00007fffdb75f98b)
0x00007fffdb75f88b:   ?? ?? ?? ?? ?? ?? ?? ?? ?? ?? ?? ?? ?? ?? ?? ??
0x00007fffdb75f89b:   ?? ?? ?? ?? ?? ?? ?? ?? ?? ?? ?? ?? ?? ?? ?? ??
0x00007fffdb75f8ab:   ?? ?? ?? ?? ?? ?? ?? ?? ?? ?? ?? ?? ?? ?? ?? ??
0x00007fffdb75f8bb:   ?? ?? ?? ?? ?? ?? ?? ?? ?? ?? ?? ?? ?? ?? ?? ??
0x00007fffdb75f8cb:   ?? ?? ?? ?? ?? ?? ?? ?? ?? ?? ?? ?? ?? ?? ?? ??
0x00007fffdb75f8db:   ?? ?? ?? ?? ?? ?? ?? ?? ?? ?? ?? ?? ?? ?? ?? ??
0x00007fffdb75f8eb:   ?? ?? ?? ?? ?? ?? ?? ?? ?? ?? ?? ?? ?? ?? ?? ??
0x00007fffdb75f8fb:   ?? ?? ?? ?? ?? ?? ?? ?? ?? ?? ?? ?? ?? ?? ?? ??
0x00007fffdb75f90b:   ?? ?? ?? ?? ?? ?? ?? ?? ?? ?? ?? ?? ?? ?? ?? ??
0x00007fffdb75f91b:   ?? ?? ?? ?? ?? ?? ?? ?? ?? ?? ?? ?? ?? ?? ?? ??
0x00007fffdb75f92b:   ?? ?? ?? ?? ?? ?? ?? ?? ?? ?? ?? ?? ?? ?? ?? ??
0x00007fffdb75f93b:   ?? ?? ?? ?? ?? ?? ?? ?? ?? ?? ?? ?? ?? ?? ?? ??
0x00007fffdb75f94b:   ?? ?? ?? ?? ?? ?? ?? ?? ?? ?? ?? ?? ?? ?? ?? ??
0x00007fffdb75f95b:   ?? ?? ?? ?? ?? ?? ?? ?? ?? ?? ?? ?? ?? ?? ?? ??
0x00007fffdb75f96b:   ?? ?? ?? ?? ?? ?? ?? ?? ?? ?? ?? ?? ?? ?? ?? ??
0x00007fffdb75f97b:   ?? ?? ?? ?? ?? ?? ?? ?? ?? ?? ?? ?? ?? ?? ?? ??
0x00007fffdb75f98b:   ?? ?? ?? ?? ?? ?? ?? ?? ?? ?? ?? ?? ?? ?? ?? ??
0x00007fffdb75f99b:   ?? ?? ?? ?? ?? ?? ?? ?? ?? ?? ?? ?? ?? ?? ?? ??
0x00007fffdb75f9ab:   ?? ?? ?? ?? ?? ?? ?? ?? ?? ?? ?? ?? ?? ?? ?? ??
0x00007fffdb75f9bb:   ?? ?? ?? ?? ?? ?? ?? ?? ?? ?? ?? ?? ?? ?? ?? ??
0x00007fffdb75f9cb:   ?? ?? ?? ?? ?? ?? ?? ?? ?? ?? ?? ?? ?? ?? ?? ??
0x00007fffdb75f9db:   ?? ?? ?? ?? ?? ?? ?? ?? ?? ?? ?? ?? ?? ?? ?? ??
0x00007fffdb75f9eb:   ?? ?? ?? ?? ?? ?? ?? ?? ?? ?? ?? ?? ?? ?? ?? ??
0x00007fffdb75f9fb:   ?? ?? ?? ?? ?? ?? ?? ?? ?? ?? ?? ?? ?? ?? ?? ??
0x00007fffdb75fa0b:   ?? ?? ?? ?? ?? ?? ?? ?? ?? ?? ?? ?? ?? ?? ?? ??
0x00007fffdb75fa1b:   ?? ?? ?? ?? ?? ?? ?? ?? ?? ?? ?? ?? ?? ?? ?? ??
0x00007fffdb75fa2b:   ?? ?? ?? ?? ?? ?? ?? ?? ?? ?? ?? ?? ?? ?? ?? ??
0x00007fffdb75fa3b:   ?? ?? ?? ?? ?? ?? ?? ?? ?? ?? ?? ?? ?? ?? ?? ??
0x00007fffdb75fa4b:   ?? ?? ?? ?? ?? ?? ?? ?? ?? ?? ?? ?? ?? ?? ?? ??
0x00007fffdb75fa5b:   ?? ?? ?? ?? ?? ?? ?? ?? ?? ?? ?? ?? ?? ?? ?? ??
0x00007fffdb75fa6b:   ?? ?? ?? ?? ?? ?? ?? ?? ?? ?? ?? ?? ?? ?? ?? ??
0x00007fffdb75fa7b:   ?? ?? ?? ?? ?? ?? ?? ?? ?? ?? ?? ?? ?? ?? ?? ?? 


Stack slot to memory mapping:
stack at sp + 0 slots: 0x000000070ef4ac01 is pointing into object: [Ljava.lang.Object; 
{0x000000070ef4abb0} - klass: 'java/lang/Object'[]
 - length: 28
stack at sp + 1 slots: 
[error occurred during error reporting (inspecting top of stack), id 0xc0000005, EXCEPTION_ACCESS_VIOLATION (0xc0000005) at pc=0x00007fff50447756]


---------------  P R O C E S S  ---------------

Threads class SMR info:
_java_thread_list=0x000002680a0f76f0, length=17, elements={
0x00000268062f8000, 0x00000268062f8800, 0x0000026806bd1800, 0x0000026806bd2000,
0x0000026806bd7000, 0x0000026806be6800, 0x0000026806bf5000, 0x0000026806d55000,
0x0000026806d5d000, 0x0000026807160000, 0x0000026807163000, 0x000002680717a800,
0x000002680721b000, 0x0000026862272800, 0x00000268095e2800, 0x00000268075e0000,
0x0000026809d2f800
}

Java Threads: ( => current thread )
  0x00000268062f8000 JavaThread "Reference Handler" daemon [_thread_blocked, id=7564, stack(0x0000008d1ba00000,0x0000008d1bb00000)]
  0x00000268062f8800 JavaThread "Finalizer" daemon [_thread_blocked, id=6932, stack(0x0000008d1bb00000,0x0000008d1bc00000)]
  0x0000026806bd1800 JavaThread "Signal Dispatcher" daemon [_thread_blocked, id=4996, stack(0x0000008d1bc00000,0x0000008d1bd00000)]
  0x0000026806bd2000 JavaThread "Attach Listener" daemon [_thread_blocked, id=9080, stack(0x0000008d1bd00000,0x0000008d1be00000)]
  0x0000026806bd7000 JavaThread "C2 CompilerThread0" daemon [_thread_blocked, id=2516, stack(0x0000008d1be00000,0x0000008d1bf00000)]
  0x0000026806be6800 JavaThread "C1 CompilerThread0" daemon [_thread_blocked, id=2420, stack(0x0000008d1bf00000,0x0000008d1c000000)]
  0x0000026806bf5000 JavaThread "Sweeper thread" daemon [_thread_blocked, id=5212, stack(0x0000008d1c000000,0x0000008d1c100000)]
  0x0000026806d55000 JavaThread "Service Thread" daemon [_thread_blocked, id=8692, stack(0x0000008d1c100000,0x0000008d1c200000)]
  0x0000026806d5d000 JavaThread "Common-Cleaner" daemon [_thread_blocked, id=7324, stack(0x0000008d1c300000,0x0000008d1c400000)]
  0x0000026807160000 JavaThread "Java2D Disposer" daemon [_thread_blocked, id=4780, stack(0x0000008d1c400000,0x0000008d1c500000)]
  0x0000026807163000 JavaThread "AWT-Shutdown" [_thread_blocked, id=6512, stack(0x0000008d1c500000,0x0000008d1c600000)]
  0x000002680717a800 JavaThread "AWT-Windows" daemon [_thread_in_native, id=3028, stack(0x0000008d1c600000,0x0000008d1c700000)]
  0x000002680721b000 JavaThread "AWT-EventQueue-0" [_thread_blocked, id=6052, stack(0x0000008d1c700000,0x0000008d1c800000)]
  0x0000026862272800 JavaThread "DestroyJavaVM" [_thread_blocked, id=4940, stack(0x0000008d1b300000,0x0000008d1b400000)]
  0x00000268095e2800 JavaThread "D3D Screen Updater" daemon [_thread_blocked, id=5568, stack(0x0000008d1cc00000,0x0000008d1cd00000)]
  0x00000268075e0000 JavaThread "TimerQueue" daemon [_thread_blocked, id=4684, stack(0x0000008d1c800000,0x0000008d1c900000)]
  0x0000026809d2f800 JavaThread "Keep-Alive-Timer" daemon [_thread_blocked, id=764, stack(0x0000008d1d400000,0x0000008d1d500000)]

Other Threads:
  0x00000268062d4000 VMThread "VM Thread" [stack: 0x0000008d1b900000,0x0000008d1ba00000] [id=4516]
  0x0000026806d58000 WatcherThread [stack: 0x0000008d1c200000,0x0000008d1c300000] [id=2844]
  0x0000026862288800 GCTaskThread "GC Thread#0" [stack: 0x0000008d1b400000,0x0000008d1b500000] [id=7728]
  0x0000026809c32800 GCTaskThread "GC Thread#1" [stack: 0x0000008d1ce00000,0x0000008d1cf00000] [id=6748]
  0x0000026809c73000 GCTaskThread "GC Thread#2" [stack: 0x0000008d1cf00000,0x0000008d1d000000] [id=6360]
  0x0000026809c4b800 GCTaskThread "GC Thread#3" [stack: 0x0000008d1d000000,0x0000008d1d100000] [id=5504]
  0x0000026809c4d000 GCTaskThread "GC Thread#4" [stack: 0x0000008d1d100000,0x0000008d1d200000] [id=4356]
=>0x0000026809c4e000 GCTaskThread "GC Thread#5" [stack: 0x0000008d1d200000,0x0000008d1d300000] [id=5548]
  0x00000268622e7800 ConcurrentGCThread "G1 Main Marker" [stack: 0x0000008d1b500000,0x0000008d1b600000] [id=6560]
  0x00000268622ea000 ConcurrentGCThread "G1 Conc#0" [stack: 0x0000008d1b600000,0x0000008d1b700000] [id=6480]
  0x00000268096c0800 ConcurrentGCThread "G1 Conc#1" [stack: 0x0000008d1d500000,0x0000008d1d600000] [id=1536]
  0x00000268061b6800 ConcurrentGCThread "G1 Refine#0" [stack: 0x0000008d1b700000,0x0000008d1b800000] [id=6848]
  0x0000026807151800 ConcurrentGCThread "G1 Refine#1" [stack: 0x0000008d1d300000,0x0000008d1d400000] [id=4048]
  0x00000268061ba000 ConcurrentGCThread "G1 Young RemSet Sampling" [stack: 0x0000008d1b800000,0x0000008d1b900000] [id=5988]

Threads with active compile tasks:
C2 CompilerThread02404       4       java.lang.String::regionMatches (150 bytes)
C1 CompilerThread02402  s!   3       sun.net.www.protocol.http.HttpURLConnection::getInputStream0 (2036 bytes)

VM state:at safepoint (normal execution)

VM Mutex/Monitor currently owned by a thread:  ([mutex/lock_event])
[0x000002686226e9d0] Threads_lock - owner thread: 0x00000268062d4000
[0x000002686226da10] Heap_lock - owner thread: 0x000002680721b000

Heap address: 0x0000000700400000, size: 4092 MB, Compressed Oops mode: Zero based, Oop shift amount: 3
Narrow klass base: 0x0000000800000000, Narrow klass shift: 0
Compressed class space size: 1073741824 Address: 0x0000000800000000

Heap:
 garbage-first heap   total 262144K, used 21079K [0x0000000700400000, 0x0000000800000000)
  region size 1024K, 19 young (19456K), 3 survivors (3072K)
 Metaspace       used 24795K, capacity 25297K, committed 25600K, reserved 1071104K
  class space    used 2765K, capacity 2977K, committed 3072K, reserved 1048576K
Heap Regions: E=young(eden), S=young(survivor), O=old, HS=humongous(starts), HC=humongous(continues), CS=collection set, F=free, A=archive, TAMS=top-at-mark-start (previous, next)
|   0|0x0000000700400000, 0x0000000700500000, 0x0000000700500000|100%| O|  |TAMS 0x0000000700500000, 0x0000000700400000| Untracked 
|   1|0x0000000700500000, 0x0000000700600000, 0x0000000700600000|100%| O|  |TAMS 0x000000070051fe00, 0x0000000700500000| Untracked 
|   2|0x0000000700600000, 0x0000000700700000, 0x0000000700700000|100%| O|  |TAMS 0x0000000700600000, 0x0000000700600000| Untracked 
|   3|0x0000000700700000, 0x0000000700800000, 0x0000000700800000|100%| O|  |TAMS 0x0000000700700000, 0x0000000700700000| Untracked 
|   4|0x0000000700800000, 0x0000000700812d38, 0x0000000700900000|  7%| O|  |TAMS 0x0000000700800000, 0x0000000700800000| Untracked 
|   5|0x0000000700900000, 0x0000000700900000, 0x0000000700a00000|  0%| F|  |TAMS 0x0000000700900000, 0x0000000700900000| Untracked 
|   6|0x0000000700a00000, 0x0000000700a00000, 0x0000000700b00000|  0%| F|  |TAMS 0x0000000700a00000, 0x0000000700a00000| Untracked 
|   7|0x0000000700b00000, 0x0000000700b00000, 0x0000000700c00000|  0%| F|  |TAMS 0x0000000700b00000, 0x0000000700b00000| Untracked 
|   8|0x0000000700c00000, 0x0000000700c00000, 0x0000000700d00000|  0%| F|  |TAMS 0x0000000700c00000, 0x0000000700c00000| Untracked 
|   9|0x0000000700d00000, 0x0000000700d00000, 0x0000000700e00000|  0%| F|  |TAMS 0x0000000700d00000, 0x0000000700d00000| Untracked 
|  10|0x0000000700e00000, 0x0000000700e00000, 0x0000000700f00000|  0%| F|  |TAMS 0x0000000700e00000, 0x0000000700e00000| Untracked 
|  11|0x0000000700f00000, 0x0000000700f00000, 0x0000000701000000|  0%| F|  |TAMS 0x0000000700f00000, 0x0000000700f00000| Untracked 
|  12|0x0000000701000000, 0x0000000701000000, 0x0000000701100000|  0%| F|  |TAMS 0x0000000701000000, 0x0000000701000000| Untracked 
|  13|0x0000000701100000, 0x0000000701100000, 0x0000000701200000|  0%| F|  |TAMS 0x0000000701100000, 0x0000000701100000| Untracked 
|  14|0x0000000701200000, 0x0000000701200000, 0x0000000701300000|  0%| F|  |TAMS 0x0000000701200000, 0x0000000701200000| Untracked 
|  15|0x0000000701300000, 0x0000000701300000, 0x0000000701400000|  0%| F|  |TAMS 0x0000000701300000, 0x0000000701300000| Untracked 
|  16|0x0000000701400000, 0x0000000701400000, 0x0000000701500000|  0%| F|  |TAMS 0x0000000701400000, 0x0000000701400000| Untracked 
|  17|0x0000000701500000, 0x0000000701500000, 0x0000000701600000|  0%| F|  |TAMS 0x0000000701500000, 0x0000000701500000| Untracked 
|  18|0x0000000701600000, 0x0000000701600000, 0x0000000701700000|  0%| F|  |TAMS 0x0000000701600000, 0x0000000701600000| Untracked 
|  19|0x0000000701700000, 0x0000000701700000, 0x0000000701800000|  0%| F|  |TAMS 0x0000000701700000, 0x0000000701700000| Untracked 
|  20|0x0000000701800000, 0x0000000701800000, 0x0000000701900000|  0%| F|  |TAMS 0x0000000701800000, 0x0000000701800000| Untracked 
|  21|0x0000000701900000, 0x0000000701900000, 0x0000000701a00000|  0%| F|  |TAMS 0x0000000701900000, 0x0000000701900000| Untracked 
|  22|0x0000000701a00000, 0x0000000701a00000, 0x0000000701b00000|  0%| F|  |TAMS 0x0000000701a00000, 0x0000000701a00000| Untracked 
|  23|0x0000000701b00000, 0x0000000701b00000, 0x0000000701c00000|  0%| F|  |TAMS 0x0000000701b00000, 0x0000000701b00000| Untracked 
|  24|0x0000000701c00000, 0x0000000701c00000, 0x0000000701d00000|  0%| F|  |TAMS 0x0000000701c00000, 0x0000000701c00000| Untracked 
|  25|0x0000000701d00000, 0x0000000701d00000, 0x0000000701e00000|  0%| F|  |TAMS 0x0000000701d00000, 0x0000000701d00000| Untracked 
|  26|0x0000000701e00000, 0x0000000701e00000, 0x0000000701f00000|  0%| F|  |TAMS 0x0000000701e00000, 0x0000000701e00000| Untracked 
|  27|0x0000000701f00000, 0x0000000701f00000, 0x0000000702000000|  0%| F|  |TAMS 0x0000000701f00000, 0x0000000701f00000| Untracked 
|  28|0x0000000702000000, 0x0000000702000000, 0x0000000702100000|  0%| F|  |TAMS 0x0000000702000000, 0x0000000702000000| Untracked 
|  29|0x0000000702100000, 0x0000000702100000, 0x0000000702200000|  0%| F|  |TAMS 0x0000000702100000, 0x0000000702100000| Untracked 
|  30|0x0000000702200000, 0x0000000702200000, 0x0000000702300000|  0%| F|  |TAMS 0x0000000702200000, 0x0000000702200000| Untracked 
|  31|0x0000000702300000, 0x0000000702300000, 0x0000000702400000|  0%| F|  |TAMS 0x0000000702300000, 0x0000000702300000| Untracked 
|  32|0x0000000702400000, 0x0000000702400000, 0x0000000702500000|  0%| F|  |TAMS 0x0000000702400000, 0x0000000702400000| Untracked 
|  33|0x0000000702500000, 0x0000000702500000, 0x0000000702600000|  0%| F|  |TAMS 0x0000000702500000, 0x0000000702500000| Untracked 
|  34|0x0000000702600000, 0x0000000702600000, 0x0000000702700000|  0%| F|  |TAMS 0x0000000702600000, 0x0000000702600000| Untracked 
|  35|0x0000000702700000, 0x0000000702700000, 0x0000000702800000|  0%| F|  |TAMS 0x0000000702700000, 0x0000000702700000| Untracked 
|  36|0x0000000702800000, 0x0000000702800000, 0x0000000702900000|  0%| F|  |TAMS 0x0000000702800000, 0x0000000702800000| Untracked 
|  37|0x0000000702900000, 0x0000000702900000, 0x0000000702a00000|  0%| F|  |TAMS 0x0000000702900000, 0x0000000702900000| Untracked 
|  38|0x0000000702a00000, 0x0000000702a00000, 0x0000000702b00000|  0%| F|  |TAMS 0x0000000702a00000, 0x0000000702a00000| Untracked 
|  39|0x0000000702b00000, 0x0000000702b00000, 0x0000000702c00000|  0%| F|  |TAMS 0x0000000702b00000, 0x0000000702b00000| Untracked 
|  40|0x0000000702c00000, 0x0000000702c00000, 0x0000000702d00000|  0%| F|  |TAMS 0x0000000702c00000, 0x0000000702c00000| Untracked 
|  41|0x0000000702d00000, 0x0000000702d00000, 0x0000000702e00000|  0%| F|  |TAMS 0x0000000702d00000, 0x0000000702d00000| Untracked 
|  42|0x0000000702e00000, 0x0000000702e00000, 0x0000000702f00000|  0%| F|  |TAMS 0x0000000702e00000, 0x0000000702e00000| Untracked 
|  43|0x0000000702f00000, 0x0000000702f00000, 0x0000000703000000|  0%| F|  |TAMS 0x0000000702f00000, 0x0000000702f00000| Untracked 
|  44|0x0000000703000000, 0x0000000703000000, 0x0000000703100000|  0%| F|  |TAMS 0x0000000703000000, 0x0000000703000000| Untracked 
|  45|0x0000000703100000, 0x0000000703100000, 0x0000000703200000|  0%| F|  |TAMS 0x0000000703100000, 0x0000000703100000| Untracked 
|  46|0x0000000703200000, 0x0000000703200000, 0x0000000703300000|  0%| F|  |TAMS 0x0000000703200000, 0x0000000703200000| Untracked 
|  47|0x0000000703300000, 0x0000000703300000, 0x0000000703400000|  0%| F|  |TAMS 0x0000000703300000, 0x0000000703300000| Untracked 
|  48|0x0000000703400000, 0x0000000703400000, 0x0000000703500000|  0%| F|  |TAMS 0x0000000703400000, 0x0000000703400000| Untracked 
|  49|0x0000000703500000, 0x0000000703500000, 0x0000000703600000|  0%| F|  |TAMS 0x0000000703500000, 0x0000000703500000| Untracked 
|  50|0x0000000703600000, 0x0000000703600000, 0x0000000703700000|  0%| F|  |TAMS 0x0000000703600000, 0x0000000703600000| Untracked 
|  51|0x0000000703700000, 0x0000000703700000, 0x0000000703800000|  0%| F|  |TAMS 0x0000000703700000, 0x0000000703700000| Untracked 
|  52|0x0000000703800000, 0x0000000703800000, 0x0000000703900000|  0%| F|  |TAMS 0x0000000703800000, 0x0000000703800000| Untracked 
|  53|0x0000000703900000, 0x0000000703900000, 0x0000000703a00000|  0%| F|  |TAMS 0x0000000703900000, 0x0000000703900000| Untracked 
|  54|0x0000000703a00000, 0x0000000703a00000, 0x0000000703b00000|  0%| F|  |TAMS 0x0000000703a00000, 0x0000000703a00000| Untracked 
|  55|0x0000000703b00000, 0x0000000703b00000, 0x0000000703c00000|  0%| F|  |TAMS 0x0000000703b00000, 0x0000000703b00000| Untracked 
|  56|0x0000000703c00000, 0x0000000703c00000, 0x0000000703d00000|  0%| F|  |TAMS 0x0000000703c00000, 0x0000000703c00000| Untracked 
|  57|0x0000000703d00000, 0x0000000703d00000, 0x0000000703e00000|  0%| F|  |TAMS 0x0000000703d00000, 0x0000000703d00000| Untracked 
|  58|0x0000000703e00000, 0x0000000703e00000, 0x0000000703f00000|  0%| F|  |TAMS 0x0000000703e00000, 0x0000000703e00000| Untracked 
|  59|0x0000000703f00000, 0x0000000703f00000, 0x0000000704000000|  0%| F|  |TAMS 0x0000000703f00000, 0x0000000703f00000| Untracked 
|  60|0x0000000704000000, 0x0000000704000000, 0x0000000704100000|  0%| F|  |TAMS 0x0000000704000000, 0x0000000704000000| Untracked 
|  61|0x0000000704100000, 0x0000000704100000, 0x0000000704200000|  0%| F|  |TAMS 0x0000000704100000, 0x0000000704100000| Untracked 
|  62|0x0000000704200000, 0x0000000704200000, 0x0000000704300000|  0%| F|  |TAMS 0x0000000704200000, 0x0000000704200000| Untracked 
|  63|0x0000000704300000, 0x0000000704300000, 0x0000000704400000|  0%| F|  |TAMS 0x0000000704300000, 0x0000000704300000| Untracked 
|  64|0x0000000704400000, 0x0000000704400000, 0x0000000704500000|  0%| F|  |TAMS 0x0000000704400000, 0x0000000704400000| Untracked 
|  65|0x0000000704500000, 0x0000000704500000, 0x0000000704600000|  0%| F|  |TAMS 0x0000000704500000, 0x0000000704500000| Untracked 
|  66|0x0000000704600000, 0x0000000704600000, 0x0000000704700000|  0%| F|  |TAMS 0x0000000704600000, 0x0000000704600000| Untracked 
|  67|0x0000000704700000, 0x0000000704700000, 0x0000000704800000|  0%| F|  |TAMS 0x0000000704700000, 0x0000000704700000| Untracked 
|  68|0x0000000704800000, 0x0000000704800000, 0x0000000704900000|  0%| F|  |TAMS 0x0000000704800000, 0x0000000704800000| Untracked 
|  69|0x0000000704900000, 0x0000000704900000, 0x0000000704a00000|  0%| F|  |TAMS 0x0000000704900000, 0x0000000704900000| Untracked 
|  70|0x0000000704a00000, 0x0000000704a00000, 0x0000000704b00000|  0%| F|  |TAMS 0x0000000704a00000, 0x0000000704a00000| Untracked 
|  71|0x0000000704b00000, 0x0000000704b00000, 0x0000000704c00000|  0%| F|  |TAMS 0x0000000704b00000, 0x0000000704b00000| Untracked 
|  72|0x0000000704c00000, 0x0000000704c00000, 0x0000000704d00000|  0%| F|  |TAMS 0x0000000704c00000, 0x0000000704c00000| Untracked 
|  73|0x0000000704d00000, 0x0000000704d00000, 0x0000000704e00000|  0%| F|  |TAMS 0x0000000704d00000, 0x0000000704d00000| Untracked 
|  74|0x0000000704e00000, 0x0000000704e00000, 0x0000000704f00000|  0%| F|  |TAMS 0x0000000704e00000, 0x0000000704e00000| Untracked 
|  75|0x0000000704f00000, 0x0000000704f00000, 0x0000000705000000|  0%| F|  |TAMS 0x0000000704f00000, 0x0000000704f00000| Untracked 
|  76|0x0000000705000000, 0x0000000705000000, 0x0000000705100000|  0%| F|  |TAMS 0x0000000705000000, 0x0000000705000000| Untracked 
|  77|0x0000000705100000, 0x0000000705100000, 0x0000000705200000|  0%| F|  |TAMS 0x0000000705100000, 0x0000000705100000| Untracked 
|  78|0x0000000705200000, 0x0000000705200000, 0x0000000705300000|  0%| F|  |TAMS 0x0000000705200000, 0x0000000705200000| Untracked 
|  79|0x0000000705300000, 0x0000000705300000, 0x0000000705400000|  0%| F|  |TAMS 0x0000000705300000, 0x0000000705300000| Untracked 
|  80|0x0000000705400000, 0x0000000705400000, 0x0000000705500000|  0%| F|  |TAMS 0x0000000705400000, 0x0000000705400000| Untracked 
|  81|0x0000000705500000, 0x0000000705500000, 0x0000000705600000|  0%| F|  |TAMS 0x0000000705500000, 0x0000000705500000| Untracked 
|  82|0x0000000705600000, 0x0000000705600000, 0x0000000705700000|  0%| F|  |TAMS 0x0000000705600000, 0x0000000705600000| Untracked 
|  83|0x0000000705700000, 0x0000000705700000, 0x0000000705800000|  0%| F|  |TAMS 0x0000000705700000, 0x0000000705700000| Untracked 
|  84|0x0000000705800000, 0x0000000705800000, 0x0000000705900000|  0%| F|  |TAMS 0x0000000705800000, 0x0000000705800000| Untracked 
|  85|0x0000000705900000, 0x0000000705900000, 0x0000000705a00000|  0%| F|  |TAMS 0x0000000705900000, 0x0000000705900000| Untracked 
|  86|0x0000000705a00000, 0x0000000705a00000, 0x0000000705b00000|  0%| F|  |TAMS 0x0000000705a00000, 0x0000000705a00000| Untracked 
|  87|0x0000000705b00000, 0x0000000705b00000, 0x0000000705c00000|  0%| F|  |TAMS 0x0000000705b00000, 0x0000000705b00000| Untracked 
|  88|0x0000000705c00000, 0x0000000705c00000, 0x0000000705d00000|  0%| F|  |TAMS 0x0000000705c00000, 0x0000000705c00000| Untracked 
|  89|0x0000000705d00000, 0x0000000705d00000, 0x0000000705e00000|  0%| F|  |TAMS 0x0000000705d00000, 0x0000000705d00000| Untracked 
|  90|0x0000000705e00000, 0x0000000705e00000, 0x0000000705f00000|  0%| F|  |TAMS 0x0000000705e00000, 0x0000000705e00000| Untracked 
|  91|0x0000000705f00000, 0x0000000705f00000, 0x0000000706000000|  0%| F|  |TAMS 0x0000000705f00000, 0x0000000705f00000| Untracked 
|  92|0x0000000706000000, 0x0000000706000000, 0x0000000706100000|  0%| F|  |TAMS 0x0000000706000000, 0x0000000706000000| Untracked 
|  93|0x0000000706100000, 0x0000000706100000, 0x0000000706200000|  0%| F|  |TAMS 0x0000000706100000, 0x0000000706100000| Untracked 
|  94|0x0000000706200000, 0x0000000706200000, 0x0000000706300000|  0%| F|  |TAMS 0x0000000706200000, 0x0000000706200000| Untracked 
|  95|0x0000000706300000, 0x0000000706300000, 0x0000000706400000|  0%| F|  |TAMS 0x0000000706300000, 0x0000000706300000| Untracked 
|  96|0x0000000706400000, 0x0000000706400000, 0x0000000706500000|  0%| F|  |TAMS 0x0000000706400000, 0x0000000706400000| Untracked 
|  97|0x0000000706500000, 0x0000000706500000, 0x0000000706600000|  0%| F|  |TAMS 0x0000000706500000, 0x0000000706500000| Untracked 
|  98|0x0000000706600000, 0x0000000706600000, 0x0000000706700000|  0%| F|  |TAMS 0x0000000706600000, 0x0000000706600000| Untracked 
|  99|0x0000000706700000, 0x0000000706700000, 0x0000000706800000|  0%| F|  |TAMS 0x0000000706700000, 0x0000000706700000| Untracked 
| 100|0x0000000706800000, 0x0000000706800000, 0x0000000706900000|  0%| F|  |TAMS 0x0000000706800000, 0x0000000706800000| Untracked 
| 101|0x0000000706900000, 0x0000000706900000, 0x0000000706a00000|  0%| F|  |TAMS 0x0000000706900000, 0x0000000706900000| Untracked 
| 102|0x0000000706a00000, 0x0000000706a00000, 0x0000000706b00000|  0%| F|  |TAMS 0x0000000706a00000, 0x0000000706a00000| Untracked 
| 103|0x0000000706b00000, 0x0000000706b00000, 0x0000000706c00000|  0%| F|  |TAMS 0x0000000706b00000, 0x0000000706b00000| Untracked 
| 104|0x0000000706c00000, 0x0000000706c00000, 0x0000000706d00000|  0%| F|  |TAMS 0x0000000706c00000, 0x0000000706c00000| Untracked 
| 105|0x0000000706d00000, 0x0000000706d00000, 0x0000000706e00000|  0%| F|  |TAMS 0x0000000706d00000, 0x0000000706d00000| Untracked 
| 106|0x0000000706e00000, 0x0000000706e00000, 0x0000000706f00000|  0%| F|  |TAMS 0x0000000706e00000, 0x0000000706e00000| Untracked 
| 107|0x0000000706f00000, 0x0000000706f00000, 0x0000000707000000|  0%| F|  |TAMS 0x0000000706f00000, 0x0000000706f00000| Untracked 
| 108|0x0000000707000000, 0x0000000707000000, 0x0000000707100000|  0%| F|  |TAMS 0x0000000707000000, 0x0000000707000000| Untracked 
| 109|0x0000000707100000, 0x0000000707100000, 0x0000000707200000|  0%| F|  |TAMS 0x0000000707100000, 0x0000000707100000| Untracked 
| 110|0x0000000707200000, 0x0000000707200000, 0x0000000707300000|  0%| F|  |TAMS 0x0000000707200000, 0x0000000707200000| Untracked 
| 111|0x0000000707300000, 0x0000000707300000, 0x0000000707400000|  0%| F|  |TAMS 0x0000000707300000, 0x0000000707300000| Untracked 
| 112|0x0000000707400000, 0x0000000707400000, 0x0000000707500000|  0%| F|  |TAMS 0x0000000707400000, 0x0000000707400000| Untracked 
| 113|0x0000000707500000, 0x0000000707500000, 0x0000000707600000|  0%| F|  |TAMS 0x0000000707500000, 0x0000000707500000| Untracked 
| 114|0x0000000707600000, 0x0000000707600000, 0x0000000707700000|  0%| F|  |TAMS 0x0000000707600000, 0x0000000707600000| Untracked 
| 115|0x0000000707700000, 0x0000000707700000, 0x0000000707800000|  0%| F|  |TAMS 0x0000000707700000, 0x0000000707700000| Untracked 
| 116|0x0000000707800000, 0x0000000707800000, 0x0000000707900000|  0%| F|  |TAMS 0x0000000707800000, 0x0000000707800000| Untracked 
| 117|0x0000000707900000, 0x0000000707900000, 0x0000000707a00000|  0%| F|  |TAMS 0x0000000707900000, 0x0000000707900000| Untracked 
| 118|0x0000000707a00000, 0x0000000707a00000, 0x0000000707b00000|  0%| F|  |TAMS 0x0000000707a00000, 0x0000000707a00000| Untracked 
| 119|0x0000000707b00000, 0x0000000707b00000, 0x0000000707c00000|  0%| F|  |TAMS 0x0000000707b00000, 0x0000000707b00000| Untracked 
| 120|0x0000000707c00000, 0x0000000707c00000, 0x0000000707d00000|  0%| F|  |TAMS 0x0000000707c00000, 0x0000000707c00000| Untracked 
| 121|0x0000000707d00000, 0x0000000707d00000, 0x0000000707e00000|  0%| F|  |TAMS 0x0000000707d00000, 0x0000000707d00000| Untracked 
| 122|0x0000000707e00000, 0x0000000707e00000, 0x0000000707f00000|  0%| F|  |TAMS 0x0000000707e00000, 0x0000000707e00000| Untracked 
| 123|0x0000000707f00000, 0x0000000707f00000, 0x0000000708000000|  0%| F|  |TAMS 0x0000000707f00000, 0x0000000707f00000| Untracked 
| 124|0x0000000708000000, 0x0000000708000000, 0x0000000708100000|  0%| F|  |TAMS 0x0000000708000000, 0x0000000708000000| Untracked 
| 125|0x0000000708100000, 0x0000000708100000, 0x0000000708200000|  0%| F|  |TAMS 0x0000000708100000, 0x0000000708100000| Untracked 
| 126|0x0000000708200000, 0x0000000708200000, 0x0000000708300000|  0%| F|  |TAMS 0x0000000708200000, 0x0000000708200000| Untracked 
| 127|0x0000000708300000, 0x0000000708300000, 0x0000000708400000|  0%| F|  |TAMS 0x0000000708300000, 0x0000000708300000| Untracked 
| 128|0x0000000708400000, 0x0000000708400000, 0x0000000708500000|  0%| F|  |TAMS 0x0000000708400000, 0x0000000708400000| Untracked 
| 129|0x0000000708500000, 0x0000000708500000, 0x0000000708600000|  0%| F|  |TAMS 0x0000000708500000, 0x0000000708500000| Untracked 
| 130|0x0000000708600000, 0x0000000708600000, 0x0000000708700000|  0%| F|  |TAMS 0x0000000708600000, 0x0000000708600000| Untracked 
| 131|0x0000000708700000, 0x0000000708700000, 0x0000000708800000|  0%| F|  |TAMS 0x0000000708700000, 0x0000000708700000| Untracked 
| 132|0x0000000708800000, 0x0000000708800000, 0x0000000708900000|  0%| F|  |TAMS 0x0000000708800000, 0x0000000708800000| Untracked 
| 133|0x0000000708900000, 0x0000000708900000, 0x0000000708a00000|  0%| F|  |TAMS 0x0000000708900000, 0x0000000708900000| Untracked 
| 134|0x0000000708a00000, 0x0000000708a00000, 0x0000000708b00000|  0%| F|  |TAMS 0x0000000708a00000, 0x0000000708a00000| Untracked 
| 135|0x0000000708b00000, 0x0000000708b00000, 0x0000000708c00000|  0%| F|  |TAMS 0x0000000708b00000, 0x0000000708b00000| Untracked 
| 136|0x0000000708c00000, 0x0000000708c00000, 0x0000000708d00000|  0%| F|  |TAMS 0x0000000708c00000, 0x0000000708c00000| Untracked 
| 137|0x0000000708d00000, 0x0000000708d00000, 0x0000000708e00000|  0%| F|  |TAMS 0x0000000708d00000, 0x0000000708d00000| Untracked 
| 138|0x0000000708e00000, 0x0000000708e00000, 0x0000000708f00000|  0%| F|  |TAMS 0x0000000708e00000, 0x0000000708e00000| Untracked 
| 139|0x0000000708f00000, 0x0000000708f00000, 0x0000000709000000|  0%| F|  |TAMS 0x0000000708f00000, 0x0000000708f00000| Untracked 
| 140|0x0000000709000000, 0x0000000709000000, 0x0000000709100000|  0%| F|  |TAMS 0x0000000709000000, 0x0000000709000000| Untracked 
| 141|0x0000000709100000, 0x0000000709100000, 0x0000000709200000|  0%| F|  |TAMS 0x0000000709100000, 0x0000000709100000| Untracked 
| 142|0x0000000709200000, 0x0000000709200000, 0x0000000709300000|  0%| F|  |TAMS 0x0000000709200000, 0x0000000709200000| Untracked 
| 143|0x0000000709300000, 0x0000000709300000, 0x0000000709400000|  0%| F|  |TAMS 0x0000000709300000, 0x0000000709300000| Untracked 
| 144|0x0000000709400000, 0x0000000709400000, 0x0000000709500000|  0%| F|  |TAMS 0x0000000709400000, 0x0000000709400000| Untracked 
| 145|0x0000000709500000, 0x0000000709500000, 0x0000000709600000|  0%| F|  |TAMS 0x0000000709500000, 0x0000000709500000| Untracked 
| 146|0x0000000709600000, 0x0000000709600000, 0x0000000709700000|  0%| F|  |TAMS 0x0000000709600000, 0x0000000709600000| Untracked 
| 147|0x0000000709700000, 0x0000000709700000, 0x0000000709800000|  0%| F|  |TAMS 0x0000000709700000, 0x0000000709700000| Untracked 
| 148|0x0000000709800000, 0x0000000709800000, 0x0000000709900000|  0%| F|  |TAMS 0x0000000709800000, 0x0000000709800000| Untracked 
| 149|0x0000000709900000, 0x0000000709900000, 0x0000000709a00000|  0%| F|  |TAMS 0x0000000709900000, 0x0000000709900000| Untracked 
| 150|0x0000000709a00000, 0x0000000709a00000, 0x0000000709b00000|  0%| F|  |TAMS 0x0000000709a00000, 0x0000000709a00000| Untracked 
| 151|0x0000000709b00000, 0x0000000709b00000, 0x0000000709c00000|  0%| F|  |TAMS 0x0000000709b00000, 0x0000000709b00000| Untracked 
| 152|0x0000000709c00000, 0x0000000709c00000, 0x0000000709d00000|  0%| F|  |TAMS 0x0000000709c00000, 0x0000000709c00000| Untracked 
| 153|0x0000000709d00000, 0x0000000709d00000, 0x0000000709e00000|  0%| F|  |TAMS 0x0000000709d00000, 0x0000000709d00000| Untracked 
| 154|0x0000000709e00000, 0x0000000709e00000, 0x0000000709f00000|  0%| F|  |TAMS 0x0000000709e00000, 0x0000000709e00000| Untracked 
| 155|0x0000000709f00000, 0x0000000709f00000, 0x000000070a000000|  0%| F|  |TAMS 0x0000000709f00000, 0x0000000709f00000| Untracked 
| 156|0x000000070a000000, 0x000000070a000000, 0x000000070a100000|  0%| F|  |TAMS 0x000000070a000000, 0x000000070a000000| Untracked 
| 157|0x000000070a100000, 0x000000070a100000, 0x000000070a200000|  0%| F|  |TAMS 0x000000070a100000, 0x000000070a100000| Untracked 
| 158|0x000000070a200000, 0x000000070a200000, 0x000000070a300000|  0%| F|  |TAMS 0x000000070a200000, 0x000000070a200000| Untracked 
| 159|0x000000070a300000, 0x000000070a300000, 0x000000070a400000|  0%| F|  |TAMS 0x000000070a300000, 0x000000070a300000| Untracked 
| 160|0x000000070a400000, 0x000000070a400000, 0x000000070a500000|  0%| F|  |TAMS 0x000000070a400000, 0x000000070a400000| Untracked 
| 161|0x000000070a500000, 0x000000070a500000, 0x000000070a600000|  0%| F|  |TAMS 0x000000070a500000, 0x000000070a500000| Untracked 
| 162|0x000000070a600000, 0x000000070a600000, 0x000000070a700000|  0%| F|  |TAMS 0x000000070a600000, 0x000000070a600000| Untracked 
| 163|0x000000070a700000, 0x000000070a700000, 0x000000070a800000|  0%| F|  |TAMS 0x000000070a700000, 0x000000070a700000| Untracked 
| 164|0x000000070a800000, 0x000000070a800000, 0x000000070a900000|  0%| F|  |TAMS 0x000000070a800000, 0x000000070a800000| Untracked 
| 165|0x000000070a900000, 0x000000070a900000, 0x000000070aa00000|  0%| F|  |TAMS 0x000000070a900000, 0x000000070a900000| Untracked 
| 166|0x000000070aa00000, 0x000000070aa00000, 0x000000070ab00000|  0%| F|  |TAMS 0x000000070aa00000, 0x000000070aa00000| Untracked 
| 167|0x000000070ab00000, 0x000000070ab00000, 0x000000070ac00000|  0%| F|  |TAMS 0x000000070ab00000, 0x000000070ab00000| Untracked 
| 168|0x000000070ac00000, 0x000000070ac00000, 0x000000070ad00000|  0%| F|  |TAMS 0x000000070ac00000, 0x000000070ac00000| Untracked 
| 169|0x000000070ad00000, 0x000000070ad00000, 0x000000070ae00000|  0%| F|  |TAMS 0x000000070ad00000, 0x000000070ad00000| Untracked 
| 170|0x000000070ae00000, 0x000000070ae00000, 0x000000070af00000|  0%| F|  |TAMS 0x000000070ae00000, 0x000000070ae00000| Untracked 
| 171|0x000000070af00000, 0x000000070af00000, 0x000000070b000000|  0%| F|  |TAMS 0x000000070af00000, 0x000000070af00000| Untracked 
| 172|0x000000070b000000, 0x000000070b000000, 0x000000070b100000|  0%| F|  |TAMS 0x000000070b000000, 0x000000070b000000| Untracked 
| 173|0x000000070b100000, 0x000000070b100000, 0x000000070b200000|  0%| F|  |TAMS 0x000000070b100000, 0x000000070b100000| Untracked 
| 174|0x000000070b200000, 0x000000070b200000, 0x000000070b300000|  0%| F|  |TAMS 0x000000070b200000, 0x000000070b200000| Untracked 
| 175|0x000000070b300000, 0x000000070b300000, 0x000000070b400000|  0%| F|  |TAMS 0x000000070b300000, 0x000000070b300000| Untracked 
| 176|0x000000070b400000, 0x000000070b400000, 0x000000070b500000|  0%| F|  |TAMS 0x000000070b400000, 0x000000070b400000| Untracked 
| 177|0x000000070b500000, 0x000000070b500000, 0x000000070b600000|  0%| F|  |TAMS 0x000000070b500000, 0x000000070b500000| Untracked 
| 178|0x000000070b600000, 0x000000070b600000, 0x000000070b700000|  0%| F|  |TAMS 0x000000070b600000, 0x000000070b600000| Untracked 
| 179|0x000000070b700000, 0x000000070b700000, 0x000000070b800000|  0%| F|  |TAMS 0x000000070b700000, 0x000000070b700000| Untracked 
| 180|0x000000070b800000, 0x000000070b800000, 0x000000070b900000|  0%| F|  |TAMS 0x000000070b800000, 0x000000070b800000| Untracked 
| 181|0x000000070b900000, 0x000000070b900000, 0x000000070ba00000|  0%| F|  |TAMS 0x000000070b900000, 0x000000070b900000| Untracked 
| 182|0x000000070ba00000, 0x000000070ba00000, 0x000000070bb00000|  0%| F|  |TAMS 0x000000070ba00000, 0x000000070ba00000| Untracked 
| 183|0x000000070bb00000, 0x000000070bb00000, 0x000000070bc00000|  0%| F|  |TAMS 0x000000070bb00000, 0x000000070bb00000| Untracked 
| 184|0x000000070bc00000, 0x000000070bc00000, 0x000000070bd00000|  0%| F|  |TAMS 0x000000070bc00000, 0x000000070bc00000| Untracked 
| 185|0x000000070bd00000, 0x000000070bd00000, 0x000000070be00000|  0%| F|  |TAMS 0x000000070bd00000, 0x000000070bd00000| Untracked 
| 186|0x000000070be00000, 0x000000070be00000, 0x000000070bf00000|  0%| F|  |TAMS 0x000000070be00000, 0x000000070be00000| Untracked 
| 187|0x000000070bf00000, 0x000000070bf00000, 0x000000070c000000|  0%| F|  |TAMS 0x000000070bf00000, 0x000000070bf00000| Untracked 
| 188|0x000000070c000000, 0x000000070c000000, 0x000000070c100000|  0%| F|  |TAMS 0x000000070c000000, 0x000000070c000000| Untracked 
| 189|0x000000070c100000, 0x000000070c100000, 0x000000070c200000|  0%| F|  |TAMS 0x000000070c100000, 0x000000070c100000| Untracked 
| 190|0x000000070c200000, 0x000000070c200000, 0x000000070c300000|  0%| F|  |TAMS 0x000000070c200000, 0x000000070c200000| Untracked 
| 191|0x000000070c300000, 0x000000070c300000, 0x000000070c400000|  0%| F|  |TAMS 0x000000070c300000, 0x000000070c300000| Untracked 
| 192|0x000000070c400000, 0x000000070c400000, 0x000000070c500000|  0%| F|  |TAMS 0x000000070c400000, 0x000000070c400000| Untracked 
| 193|0x000000070c500000, 0x000000070c500000, 0x000000070c600000|  0%| F|  |TAMS 0x000000070c500000, 0x000000070c500000| Untracked 
| 194|0x000000070c600000, 0x000000070c600000, 0x000000070c700000|  0%| F|  |TAMS 0x000000070c600000, 0x000000070c600000| Untracked 
| 195|0x000000070c700000, 0x000000070c700000, 0x000000070c800000|  0%| F|  |TAMS 0x000000070c700000, 0x000000070c700000| Untracked 
| 196|0x000000070c800000, 0x000000070c800000, 0x000000070c900000|  0%| F|  |TAMS 0x000000070c800000, 0x000000070c800000| Untracked 
| 197|0x000000070c900000, 0x000000070c900000, 0x000000070ca00000|  0%| F|  |TAMS 0x000000070c900000, 0x000000070c900000| Untracked 
| 198|0x000000070ca00000, 0x000000070ca00000, 0x000000070cb00000|  0%| F|  |TAMS 0x000000070ca00000, 0x000000070ca00000| Untracked 
| 199|0x000000070cb00000, 0x000000070cb00000, 0x000000070cc00000|  0%| F|  |TAMS 0x000000070cb00000, 0x000000070cb00000| Untracked 
| 200|0x000000070cc00000, 0x000000070cc00000, 0x000000070cd00000|  0%| F|  |TAMS 0x000000070cc00000, 0x000000070cc00000| Untracked 
| 201|0x000000070cd00000, 0x000000070cd00000, 0x000000070ce00000|  0%| F|  |TAMS 0x000000070cd00000, 0x000000070cd00000| Untracked 
| 202|0x000000070ce00000, 0x000000070ce00000, 0x000000070cf00000|  0%| F|  |TAMS 0x000000070ce00000, 0x000000070ce00000| Untracked 
| 203|0x000000070cf00000, 0x000000070cf00000, 0x000000070d000000|  0%| F|  |TAMS 0x000000070cf00000, 0x000000070cf00000| Untracked 
| 204|0x000000070d000000, 0x000000070d000000, 0x000000070d100000|  0%| F|  |TAMS 0x000000070d000000, 0x000000070d000000| Untracked 
| 205|0x000000070d100000, 0x000000070d100000, 0x000000070d200000|  0%| F|  |TAMS 0x000000070d100000, 0x000000070d100000| Untracked 
| 206|0x000000070d200000, 0x000000070d200000, 0x000000070d300000|  0%| F|  |TAMS 0x000000070d200000, 0x000000070d200000| Untracked 
| 207|0x000000070d300000, 0x000000070d300000, 0x000000070d400000|  0%| F|  |TAMS 0x000000070d300000, 0x000000070d300000| Untracked 
| 208|0x000000070d400000, 0x000000070d400000, 0x000000070d500000|  0%| F|  |TAMS 0x000000070d400000, 0x000000070d400000| Untracked 
| 209|0x000000070d500000, 0x000000070d500000, 0x000000070d600000|  0%| F|  |TAMS 0x000000070d500000, 0x000000070d500000| Untracked 
| 210|0x000000070d600000, 0x000000070d600000, 0x000000070d700000|  0%| F|  |TAMS 0x000000070d600000, 0x000000070d600000| Untracked 
| 211|0x000000070d700000, 0x000000070d700000, 0x000000070d800000|  0%| F|  |TAMS 0x000000070d700000, 0x000000070d700000| Untracked 
| 212|0x000000070d800000, 0x000000070d800000, 0x000000070d900000|  0%| F|  |TAMS 0x000000070d800000, 0x000000070d800000| Untracked 
| 213|0x000000070d900000, 0x000000070d900000, 0x000000070da00000|  0%| F|  |TAMS 0x000000070d900000, 0x000000070d900000| Untracked 
| 214|0x000000070da00000, 0x000000070da00000, 0x000000070db00000|  0%| F|  |TAMS 0x000000070da00000, 0x000000070da00000| Untracked 
| 215|0x000000070db00000, 0x000000070db00000, 0x000000070dc00000|  0%| F|  |TAMS 0x000000070db00000, 0x000000070db00000| Untracked 
| 216|0x000000070dc00000, 0x000000070dc00000, 0x000000070dd00000|  0%| F|  |TAMS 0x000000070dc00000, 0x000000070dc00000| Untracked 
| 217|0x000000070dd00000, 0x000000070dd00000, 0x000000070de00000|  0%| F|  |TAMS 0x000000070dd00000, 0x000000070dd00000| Untracked 
| 218|0x000000070de00000, 0x000000070de00000, 0x000000070df00000|  0%| F|  |TAMS 0x000000070de00000, 0x000000070de00000| Untracked 
| 219|0x000000070df00000, 0x000000070df00000, 0x000000070e000000|  0%| F|  |TAMS 0x000000070df00000, 0x000000070df00000| Untracked 
| 220|0x000000070e000000, 0x000000070e000000, 0x000000070e100000|  0%| F|  |TAMS 0x000000070e000000, 0x000000070e000000| Untracked 
| 221|0x000000070e100000, 0x000000070e100000, 0x000000070e200000|  0%| F|  |TAMS 0x000000070e100000, 0x000000070e100000| Untracked 
| 222|0x000000070e200000, 0x000000070e200000, 0x000000070e300000|  0%| F|  |TAMS 0x000000070e200000, 0x000000070e200000| Untracked 
| 223|0x000000070e300000, 0x000000070e300000, 0x000000070e400000|  0%| F|  |TAMS 0x000000070e300000, 0x000000070e300000| Untracked 
| 224|0x000000070e400000, 0x000000070e400000, 0x000000070e500000|  0%| F|  |TAMS 0x000000070e400000, 0x000000070e400000| Untracked 
| 225|0x000000070e500000, 0x000000070e500000, 0x000000070e600000|  0%| F|  |TAMS 0x000000070e500000, 0x000000070e500000| Untracked 
| 226|0x000000070e600000, 0x000000070e600000, 0x000000070e700000|  0%| F|  |TAMS 0x000000070e600000, 0x000000070e600000| Untracked 
| 227|0x000000070e700000, 0x000000070e700000, 0x000000070e800000|  0%| F|  |TAMS 0x000000070e700000, 0x000000070e700000| Untracked 
| 228|0x000000070e800000, 0x000000070e800000, 0x000000070e900000|  0%| F|  |TAMS 0x000000070e800000, 0x000000070e800000| Untracked 
| 229|0x000000070e900000, 0x000000070e900000, 0x000000070ea00000|  0%| F|  |TAMS 0x000000070e900000, 0x000000070e900000| Untracked 
| 230|0x000000070ea00000, 0x000000070ea00000, 0x000000070eb00000|  0%| F|  |TAMS 0x000000070ea00000, 0x000000070ea00000| Untracked 
| 231|0x000000070eb00000, 0x000000070eb00000, 0x000000070ec00000|  0%| F|  |TAMS 0x000000070eb00000, 0x000000070eb00000| Untracked 
| 232|0x000000070ec00000, 0x000000070ec00000, 0x000000070ed00000|  0%| F|  |TAMS 0x000000070ec00000, 0x000000070ec00000| Untracked 
| 233|0x000000070ed00000, 0x000000070ed4d0b8, 0x000000070ee00000| 30%| S|  |TAMS 0x000000070ed00000, 0x000000070ed00000| Complete 
| 234|0x000000070ee00000, 0x000000070ef00000, 0x000000070ef00000|100%| S|  |TAMS 0x000000070ee00000, 0x000000070ee00000| Complete 
| 235|0x000000070ef00000, 0x000000070f000000, 0x000000070f000000|100%| S|  |TAMS 0x000000070ef00000, 0x000000070ef00000| Complete 
| 236|0x000000070f000000, 0x000000070f100000, 0x000000070f100000|100%| E|CS|TAMS 0x000000070f000000, 0x000000070f000000| Complete 
| 237|0x000000070f100000, 0x000000070f200000, 0x000000070f200000|100%| E|CS|TAMS 0x000000070f100000, 0x000000070f100000| Complete 
| 238|0x000000070f200000, 0x000000070f300000, 0x000000070f300000|100%| E|CS|TAMS 0x000000070f200000, 0x000000070f200000| Complete 
| 239|0x000000070f300000, 0x000000070f400000, 0x000000070f400000|100%| E|CS|TAMS 0x000000070f300000, 0x000000070f300000| Complete 
| 240|0x000000070f400000, 0x000000070f500000, 0x000000070f500000|100%| E|CS|TAMS 0x000000070f400000, 0x000000070f400000| Complete 
| 241|0x000000070f500000, 0x000000070f600000, 0x000000070f600000|100%| E|CS|TAMS 0x000000070f500000, 0x000000070f500000| Complete 
| 242|0x000000070f600000, 0x000000070f700000, 0x000000070f700000|100%| E|CS|TAMS 0x000000070f600000, 0x000000070f600000| Complete 
| 243|0x000000070f700000, 0x000000070f800000, 0x000000070f800000|100%| E|CS|TAMS 0x000000070f700000, 0x000000070f700000| Complete 
| 244|0x000000070f800000, 0x000000070f900000, 0x000000070f900000|100%| E|CS|TAMS 0x000000070f800000, 0x000000070f800000| Complete 
| 245|0x000000070f900000, 0x000000070fa00000, 0x000000070fa00000|100%| E|CS|TAMS 0x000000070f900000, 0x000000070f900000| Complete 
| 246|0x000000070fa00000, 0x000000070fb00000, 0x000000070fb00000|100%| E|CS|TAMS 0x000000070fa00000, 0x000000070fa00000| Complete 
| 247|0x000000070fb00000, 0x000000070fc00000, 0x000000070fc00000|100%| E|CS|TAMS 0x000000070fb00000, 0x000000070fb00000| Complete 
| 248|0x000000070fc00000, 0x000000070fd00000, 0x000000070fd00000|100%| E|CS|TAMS 0x000000070fc00000, 0x000000070fc00000| Complete 
| 249|0x000000070fd00000, 0x000000070fe00000, 0x000000070fe00000|100%| E|CS|TAMS 0x000000070fd00000, 0x000000070fd00000| Complete 
| 250|0x000000070fe00000, 0x000000070fe76110, 0x000000070ff00000| 46%| E|CS|TAMS 0x000000070fe00000, 0x000000070fe00000| Complete 
| 251|0x000000070ff00000, 0x0000000710000000, 0x0000000710000000|100%| E|CS|TAMS 0x000000070ff00000, 0x000000070ff00000| Complete 
| 252|0x0000000710000000, 0x0000000710100000, 0x0000000710100000|100%| E|CS|TAMS 0x0000000710000000, 0x0000000710000000| Complete 
| 253|0x0000000710100000, 0x0000000710200000, 0x0000000710200000|100%| E|CS|TAMS 0x0000000710100000, 0x0000000710100000| Complete 
| 254|0x0000000710200000, 0x0000000710300000, 0x0000000710300000|100%| E|CS|TAMS 0x0000000710200000, 0x0000000710200000| Complete 
| 255|0x0000000710300000, 0x0000000710400000, 0x0000000710400000|100%| E|CS|TAMS 0x0000000710300000, 0x0000000710300000| Complete 

Card table byte_map: [0x000002687a960000,0x000002687b160000] _byte_map_base: 0x000002687715e000

Marking Bits (Prev, Next): (CMBitMap*) 0x00000268622d6cb0, (CMBitMap*) 0x00000268622d6c78
 Prev Bits: [0x0000026800000000, 0x0000026803ff0000)
 Next Bits: [0x000002687b960000, 0x000002687f950000)

Polling page: 0x0000026862350000

Metaspace:

Usage:
  Non-class:     21.80 MB capacity,    21.51 MB ( 99%) used,   233.90 KB (  1%) free+waste,    56.44 KB ( <1%) overhead. 
      Class:      2.91 MB capacity,     2.70 MB ( 93%) used,   183.59 KB (  6%) free+waste,    28.06 KB ( <1%) overhead. 
       Both:     24.70 MB capacity,    24.21 MB ( 98%) used,   417.48 KB (  2%) free+waste,    84.50 KB ( <1%) overhead. 

Virtual space:
  Non-class space:       22.00 MB reserved,      22.00 MB (100%) committed 
      Class space:        1.00 GB reserved,       3.00 MB ( <1%) committed 
             Both:        1.02 GB reserved,      25.00 MB (  2%) committed 

Chunk freelists:
   Non-Class:  16.00 KB
       Class:  0 bytes
        Both:  16.00 KB

CodeHeap 'non-profiled nmethods': size=120064Kb used=1148Kb max_used=1148Kb free=118915Kb
 bounds [0x00000268723d0000, 0x0000026872640000, 0x0000026879910000]
CodeHeap 'profiled nmethods': size=120000Kb used=5034Kb max_used=5034Kb free=114965Kb
 bounds [0x000002686aea0000, 0x000002686b390000, 0x00000268723d0000]
CodeHeap 'non-nmethods': size=5696Kb used=1256Kb max_used=1309Kb free=4439Kb
 bounds [0x000002686a910000, 0x000002686ab80000, 0x000002686aea0000]
 total_blobs=3593 nmethods=2400 adapters=543
 compilation: enabled
              stopped_count=0, restarted_count=0
 full_count=0

Compilation events (10 events):
Event: 9.957 Thread 0x0000026806bd7000 2393       4       org.jsoup.parser.TokeniserState$35::read (243 bytes)
Event: 9.975 Thread 0x0000026806bd7000 nmethod 2393 0x00000268724eb890 code [0x00000268724ebe20, 0x00000268724ecd48]
Event: 9.975 Thread 0x0000026806bd7000 2391       4       org.jsoup.parser.HtmlTreeBuilder::popStackToClose (56 bytes)
Event: 9.979 Thread 0x0000026806bd7000 nmethod 2391 0x00000268724ed710 code [0x00000268724ed8c0, 0x00000268724ede18]
Event: 9.979 Thread 0x0000026806bd7000 2394       4       org.jsoup.parser.HtmlTreeBuilder::insert (85 bytes)
Event: 9.985 Thread 0x0000026806bd7000 nmethod 2394 0x00000268724ee290 code [0x00000268724ee480, 0x00000268724eebe8]
Event: 10.448 Thread 0x0000026806be6800 2401  s!   3       sun.net.www.protocol.http.HttpURLConnection::getInputStream (56 bytes)
Event: 10.448 Thread 0x0000026806be6800 nmethod 2401 0x000002686b389b90 code [0x000002686b389dc0, 0x000002686b38a830]
Event: 10.448 Thread 0x0000026806be6800 2402  s!   3       sun.net.www.protocol.http.HttpURLConnection::getInputStream0 (2036 bytes)
Event: 10.448 Thread 0x0000026806bd7000 2404       4       java.lang.String::regionMatches (150 bytes)

GC Heap History (5 events):
Event: 4.824 GC heap before
{Heap before GC invocations=0 (full 0):
 garbage-first heap   total 262144K, used 22528K [0x0000000700400000, 0x0000000800000000)
  region size 1024K, 22 young (22528K), 0 survivors (0K)
 Metaspace       used 20212K, capacity 20667K, committed 20864K, reserved 1067008K
  class space    used 2198K, capacity 2420K, committed 2432K, reserved 1048576K
}
Event: 4.829 GC heap after
{Heap after GC invocations=1 (full 0):
 garbage-first heap   total 262144K, used 4223K [0x0000000700400000, 0x0000000800000000)
  region size 1024K, 3 young (3072K), 3 survivors (3072K)
 Metaspace       used 20212K, capacity 20667K, committed 20864K, reserved 1067008K
  class space    used 2198K, capacity 2420K, committed 2432K, reserved 1048576K
}
Event: 4.850 GC heap before
{Heap before GC invocations=1 (full 0):
 garbage-first heap   total 262144K, used 5247K [0x0000000700400000, 0x0000000800000000)
  region size 1024K, 5 young (5120K), 3 survivors (3072K)
 Metaspace       used 20653K, capacity 21121K, committed 21248K, reserved 1069056K
  class space    used 2252K, capacity 2486K, committed 2560K, reserved 1048576K
}
Event: 4.854 GC heap after
{Heap after GC invocations=2 (full 0):
 garbage-first heap   total 262144K, used 4695K [0x0000000700400000, 0x0000000800000000)
  region size 1024K, 4 young (4096K), 4 survivors (4096K)
 Metaspace       used 20653K, capacity 21121K, committed 21248K, reserved 1069056K
  class space    used 2252K, capacity 2486K, committed 2560K, reserved 1048576K
}
Event: 10.448 GC heap before
{Heap before GC invocations=3 (full 0):
 garbage-first heap   total 262144K, used 21079K [0x0000000700400000, 0x0000000800000000)
  region size 1024K, 20 young (20480K), 4 survivors (4096K)
 Metaspace       used 24795K, capacity 25297K, committed 25600K, reserved 1071104K
  class space    used 2765K, capacity 2977K, committed 3072K, reserved 1048576K
}

Deoptimization events (10 events):
Event: 9.379 Thread 0x000002680721b000 DEOPT PACKING pc=0x00000268724cb874 sp=0x0000008d1c7fa310
Event: 9.379 Thread 0x000002680721b000 DEOPT UNPACKING pc=0x000002686a938629 sp=0x0000008d1c7fa2c8 mode 2
Event: 9.382 Thread 0x000002680721b000 Uncommon trap: trap_request=0xffffffbe fr.pc=0x00000268724cb874 relative=0x0000000000000c94
Event: 9.382 Thread 0x000002680721b000 Uncommon trap: reason=profile_predicate action=maybe_recompile pc=0x00000268724cb874 method=org.jsoup.parser.HtmlTreeBuilder.inSpecificScope([Ljava/lang/String;[Ljava/lang/String;[Ljava/lang/String;)Z @ 37 c2
Event: 9.382 Thread 0x000002680721b000 DEOPT PACKING pc=0x00000268724cb874 sp=0x0000008d1c7fa350
Event: 9.382 Thread 0x000002680721b000 DEOPT UNPACKING pc=0x000002686a938629 sp=0x0000008d1c7fa2e8 mode 2
Event: 9.382 Thread 0x000002680721b000 Uncommon trap: trap_request=0xffffffbe fr.pc=0x00000268724cb874 relative=0x0000000000000c94
Event: 9.382 Thread 0x000002680721b000 Uncommon trap: reason=profile_predicate action=maybe_recompile pc=0x00000268724cb874 method=org.jsoup.parser.HtmlTreeBuilder.inSpecificScope([Ljava/lang/String;[Ljava/lang/String;[Ljava/lang/String;)Z @ 37 c2
Event: 9.382 Thread 0x000002680721b000 DEOPT PACKING pc=0x00000268724cb874 sp=0x0000008d1c7fa350
Event: 9.382 Thread 0x000002680721b000 DEOPT UNPACKING pc=0x000002686a938629 sp=0x0000008d1c7fa2e8 mode 2

Classes redefined (0 events):
No events

Internal exceptions (10 events):
Event: 4.577 Thread 0x000002680721b000 Exception <a 'java/lang/NoSuchMethodError'{0x000000070f619738}: 'java.lang.Object java.lang.invoke.DirectMethodHandle$Holder.invokeStaticInit(java.lang.Object, int, int, int, int)'> (0x000000070f619738) thrown at [c:/tools/cygwin/home/Administrator/develo
Event: 4.579 Thread 0x000002680721b000 Exception <a 'sun/nio/fs/WindowsException'{0x000000070f623098}> (0x000000070f623098) thrown at [c:/tools/cygwin/home/Administrator/development/Corretto11Src/src/src/hotspot/share/prims/jni.cpp, line 615]
Event: 4.581 Thread 0x000002680721b000 Exception <a 'java/lang/NoSuchMethodError'{0x000000070f62a688}: 'int java.lang.invoke.DirectMethodHandle$Holder.invokeSpecialIFC(java.lang.Object, java.lang.Object, int)'> (0x000000070f62a688) thrown at [c:/tools/cygwin/home/Administrator/development/Corr
Event: 4.616 Thread 0x000002680721b000 Implicit null exception at 0x00000268724406f5 to 0x0000026872440cfa
Event: 4.748 Thread 0x000002680721b000 Exception <a 'java/lang/NoSuchMethodError'{0x000000070ee896f0}: 'java.lang.Object java.lang.invoke.DirectMethodHandle$Holder.invokeStatic(java.lang.Object, java.lang.Object, int, int, int, int)'> (0x000000070ee896f0) thrown at [c:/tools/cygwin/home/Admini
Event: 4.748 Thread 0x000002680721b000 Exception <a 'java/lang/NoSuchMethodError'{0x000000070ee8ccf0}: 'java.lang.Object java.lang.invoke.DirectMethodHandle$Holder.invokeStaticInit(java.lang.Object, java.lang.Object, int, int, int, int)'> (0x000000070ee8ccf0) thrown at [c:/tools/cygwin/home/Ad
Event: 9.379 Thread 0x000002680721b000 Implicit null exception at 0x00000268724cac58 to 0x00000268724cb852
Event: 9.379 Thread 0x000002680721b000 Implicit null exception at 0x00000268724cac58 to 0x00000268724cb852
Event: 9.382 Thread 0x000002680721b000 Implicit null exception at 0x00000268724cac58 to 0x00000268724cb852
Event: 9.382 Thread 0x000002680721b000 Implicit null exception at 0x00000268724cac58 to 0x00000268724cb852

Events (10 events):
Event: 7.618 loading class v/i/incandenza/Innings
Event: 7.618 loading class v/i/incandenza/Innings done
Event: 8.584 Thread 0x0000026809754800 Thread exited: 0x0000026809754800
Event: 8.593 Thread 0x0000026809754000 Thread added: 0x0000026809754000
Event: 8.772 Thread 0x0000026809754000 Thread exited: 0x0000026809754000
Event: 8.777 Thread 0x0000026809754000 Thread added: 0x0000026809754000
Event: 9.377 Thread 0x0000026809754000 Thread exited: 0x0000026809754000
Event: 9.387 Thread 0x0000026809750800 Thread added: 0x0000026809750800
Event: 9.948 Thread 0x0000026809750800 Thread exited: 0x0000026809750800
Event: 10.448 Executing VM operation: G1CollectForAllocation


Dynamic libraries:
0x00007ff659d80000 - 0x00007ff659dc6000 	C:\Program Files\Amazon Corretto\jdk11.0.4_10\bin\javaw.exe
0x00007fff76800000 - 0x00007fff769f0000 	C:\Windows\SYSTEM32\ntdll.dll
0x00007fff76590000 - 0x00007fff76642000 	C:\Windows\System32\KERNEL32.DLL
0x00007fff737f0000 - 0x00007fff73a93000 	C:\Windows\System32\KERNELBASE.dll
0x00007fff752b0000 - 0x00007fff75443000 	C:\Windows\System32\USER32.dll
0x00007fff73790000 - 0x00007fff737b1000 	C:\Windows\System32\win32u.dll
0x00007fff74960000 - 0x00007fff74986000 	C:\Windows\System32\GDI32.dll
0x00007fff74410000 - 0x00007fff745a4000 	C:\Windows\System32\gdi32full.dll
0x00007fff73b80000 - 0x00007fff73c1e000 	C:\Windows\System32\msvcp_win.dll
0x00007fff745b0000 - 0x00007fff746aa000 	C:\Windows\System32\ucrtbase.dll
0x00007fff69e40000 - 0x00007fff6a0c5000 	C:\Windows\WinSxS\amd64_microsoft.windows.common-controls_6595b64144ccf1df_6.0.18362.295_none_e6c3acbd13101292\COMCTL32.dll
0x00007fff76720000 - 0x00007fff767be000 	C:\Windows\System32\msvcrt.dll
0x00007fff74d80000 - 0x00007fff750b6000 	C:\Windows\System32\combase.dll
0x00007fff75450000 - 0x00007fff75570000 	C:\Windows\System32\RPCRT4.dll
0x00007fff73b00000 - 0x00007fff73b80000 	C:\Windows\System32\bcryptPrimitives.dll
0x00007fff75210000 - 0x00007fff7523e000 	C:\Windows\System32\IMM32.DLL
0x00007fff64b90000 - 0x00007fff64ba5000 	C:\Program Files\Amazon Corretto\jdk11.0.4_10\bin\vcruntime140.dll
0x00007fff529a0000 - 0x00007fff52a3b000 	C:\Program Files\Amazon Corretto\jdk11.0.4_10\bin\msvcp140.dll
0x00007fff502c0000 - 0x00007fff50d75000 	C:\Program Files\Amazon Corretto\jdk11.0.4_10\bin\server\jvm.dll
0x00007fff75fd0000 - 0x00007fff76073000 	C:\Windows\System32\ADVAPI32.dll
0x00007fff76080000 - 0x00007fff76117000 	C:\Windows\System32\sechost.dll
0x00007fff74d70000 - 0x00007fff74d78000 	C:\Windows\System32\PSAPI.DLL
0x00007fff67900000 - 0x00007fff67909000 	C:\Windows\SYSTEM32\WSOCK32.dll
0x00007fff71680000 - 0x00007fff716a4000 	C:\Windows\SYSTEM32\WINMM.dll
0x00007fff6b000000 - 0x00007fff6b00a000 	C:\Windows\SYSTEM32\VERSION.dll
0x00007fff75240000 - 0x00007fff752af000 	C:\Windows\System32\WS2_32.dll
0x00007fff71200000 - 0x00007fff7122d000 	C:\Windows\SYSTEM32\winmmbase.dll
0x00007fff73c20000 - 0x00007fff73c6a000 	C:\Windows\System32\cfgmgr32.dll
0x00007fff73750000 - 0x00007fff73761000 	C:\Windows\System32\kernel.appcore.dll
0x00007fff6c800000 - 0x00007fff6c810000 	C:\Program Files\Amazon Corretto\jdk11.0.4_10\bin\verify.dll
0x00007fff5e1a0000 - 0x00007fff5e394000 	C:\Windows\SYSTEM32\DBGHELP.DLL
0x00007fff61f60000 - 0x00007fff61f8a000 	C:\Windows\SYSTEM32\dbgcore.DLL
0x00007fff65450000 - 0x00007fff65478000 	C:\Program Files\Amazon Corretto\jdk11.0.4_10\bin\java.dll
0x00007fff65400000 - 0x00007fff65416000 	C:\Program Files\Amazon Corretto\jdk11.0.4_10\bin\zip.dll
0x00007fff6c7f0000 - 0x00007fff6c7fa000 	C:\Program Files\Amazon Corretto\jdk11.0.4_10\bin\jimage.dll
0x00007fff75860000 - 0x00007fff75f42000 	C:\Windows\System32\SHELL32.dll
0x00007fff74cb0000 - 0x00007fff74d59000 	C:\Windows\System32\shcore.dll
0x00007fff73c70000 - 0x00007fff743ec000 	C:\Windows\System32\windows.storage.dll
0x00007fff736e0000 - 0x00007fff736ff000 	C:\Windows\System32\profapi.dll
0x00007fff73700000 - 0x00007fff7374a000 	C:\Windows\System32\powrprof.dll
0x00007fff736d0000 - 0x00007fff736e0000 	C:\Windows\System32\UMPDC.dll
0x00007fff74b10000 - 0x00007fff74b62000 	C:\Windows\System32\shlwapi.dll
0x00007fff743f0000 - 0x00007fff74407000 	C:\Windows\System32\cryptsp.dll
0x00007fff50120000 - 0x00007fff502b9000 	C:\Program Files\Amazon Corretto\jdk11.0.4_10\bin\awt.dll
0x00007fff750c0000 - 0x00007fff75184000 	C:\Windows\System32\OLEAUT32.dll
0x00007fff70370000 - 0x00007fff70930000 	C:\Windows\SYSTEM32\d2d1.dll
0x00007fff71950000 - 0x00007fff719df000 	C:\Windows\SYSTEM32\apphelp.dll
0x00007fff63a50000 - 0x00007fff63a69000 	C:\Program Files\Amazon Corretto\jdk11.0.4_10\bin\net.dll
0x00007fff69770000 - 0x00007fff69860000 	C:\Windows\SYSTEM32\WINHTTP.dll
0x00007fff6c2b0000 - 0x00007fff6c486000 	C:\Windows\SYSTEM32\urlmon.dll
0x00007fff6cc10000 - 0x00007fff6ceb6000 	C:\Windows\SYSTEM32\iertutil.dll
0x00007fff730b0000 - 0x00007fff730bc000 	C:\Windows\SYSTEM32\CRYPTBASE.DLL
0x00007fff72ee0000 - 0x00007fff72f47000 	C:\Windows\system32\mswsock.dll
0x00007fff63a30000 - 0x00007fff63a42000 	C:\Program Files\Amazon Corretto\jdk11.0.4_10\bin\nio.dll
0x00007fff71a50000 - 0x00007fff71ae9000 	C:\Windows\system32\uxtheme.dll
0x00007fff75720000 - 0x00007fff75856000 	C:\Windows\System32\MSCTF.dll
0x00007fff749b0000 - 0x00007fff74b06000 	C:\Windows\System32\ole32.dll
0x00007fff71e70000 - 0x00007fff71e9d000 	C:\Windows\system32\DWMAPI.DLL
0x00007fff4fdf0000 - 0x00007fff4ff3f000 	C:\Windows\system32\opengl32.dll
0x00007fff5d5d0000 - 0x00007fff5d5fc000 	C:\Windows\SYSTEM32\GLU32.dll
0x00007fff72340000 - 0x00007fff72360000 	C:\Windows\SYSTEM32\dxcore.dll
0x00007fff4cbc0000 - 0x00007fff4cd86000 	C:\Windows\system32\d3d9.dll
0x00007fff41180000 - 0x00007fff42236000 	C:\Windows\SYSTEM32\nvd3dumx.dll
0x00007fff6ab00000 - 0x00007fff6ac6c000 	C:\Program Files (x86)\NVIDIA Corporation\3D Vision\nvSCPAPI64.dll
0x00007fff76120000 - 0x00007fff76590000 	C:\Windows\System32\SETUPAPI.dll
0x00007fff737c0000 - 0x00007fff737e6000 	C:\Windows\System32\bcrypt.dll
0x00007fff517a0000 - 0x00007fff51820000 	C:\Program Files\Amazon Corretto\jdk11.0.4_10\bin\freetype.dll
0x00007fff516f0000 - 0x00007fff51796000 	C:\Program Files\Amazon Corretto\jdk11.0.4_10\bin\fontmanager.dll
0x00007fff748b0000 - 0x00007fff74952000 	C:\Windows\System32\clbcatq.dll
0x00007fff6edc0000 - 0x00007fff6ef6f000 	C:\Windows\SYSTEM32\WindowsCodecs.dll
0x00007fff5bca0000 - 0x00007fff5bcda000 	C:\Windows\system32\dataexchange.dll
0x00007fff70960000 - 0x00007fff70bbb000 	C:\Windows\system32\d3d11.dll
0x00007fff71020000 - 0x00007fff711fb000 	C:\Windows\system32\dcomp.dll
0x00007fff723d0000 - 0x00007fff724ba000 	C:\Windows\system32\dxgi.dll
0x00007fff71b20000 - 0x00007fff71d7a000 	C:\Windows\system32\twinapi.appcore.dll
0x00007fff71ea0000 - 0x00007fff71ec9000 	C:\Windows\system32\RMCLIENT.dll
0x00007fff6f700000 - 0x00007fff6f79e000 	C:\Windows\System32\TextInputFramework.dll
0x00007fff715a0000 - 0x00007fff71674000 	C:\Windows\System32\CoreMessaging.dll
0x00007fff6f210000 - 0x00007fff6f53a000 	C:\Windows\System32\CoreUIComponents.dll
0x00007fff72730000 - 0x00007fff72761000 	C:\Windows\SYSTEM32\ntmarta.dll
0x00007fff6f0b0000 - 0x00007fff6f203000 	C:\Windows\SYSTEM32\wintypes.dll
0x00007fff67850000 - 0x00007fff6785d000 	C:\Program Files\Amazon Corretto\jdk11.0.4_10\bin\sunmscapi.dll
0x00007fff746b0000 - 0x00007fff747f9000 	C:\Windows\System32\CRYPT32.dll
0x00007fff73770000 - 0x00007fff73782000 	C:\Windows\System32\MSASN1.dll
0x00007fff731b0000 - 0x00007fff731d6000 	C:\Windows\SYSTEM32\ncrypt.dll
0x00007fff73170000 - 0x00007fff731ab000 	C:\Windows\SYSTEM32\NTASN1.dll
0x00007fff5da10000 - 0x00007fff5da35000 	C:\Program Files\Amazon Corretto\jdk11.0.4_10\bin\sunec.dll
0x00007fff72a50000 - 0x00007fff72a83000 	C:\Windows\system32\rsaenh.dll
0x00007fff735f0000 - 0x00007fff73615000 	C:\Windows\SYSTEM32\USERENV.dll
0x00007fff72bf0000 - 0x00007fff72c2a000 	C:\Windows\SYSTEM32\IPHLPAPI.DLL
0x00007fff75f50000 - 0x00007fff75f58000 	C:\Windows\System32\NSI.dll
0x00007fff6c720000 - 0x00007fff6c736000 	C:\Windows\SYSTEM32\dhcpcsvc6.DLL
0x00007fff6c6e0000 - 0x00007fff6c6fc000 	C:\Windows\SYSTEM32\dhcpcsvc.DLL
0x00007fff72c30000 - 0x00007fff72cfa000 	C:\Windows\SYSTEM32\DNSAPI.dll
0x00007fff68960000 - 0x00007fff6896a000 	C:\Windows\System32\rasadhlp.dll
0x00007fff6b010000 - 0x00007fff6b087000 	C:\Windows\System32\fwpuclnt.dll

dbghelp: loaded successfully - version: 4.0.5 - missing functions: none
symbol engine: initialized successfully - sym options: 0x614 - pdb path: .;C:\Program Files\Amazon Corretto\jdk11.0.4_10\bin;C:\Windows\SYSTEM32;C:\Windows\WinSxS\amd64_microsoft.windows.common-controls_6595b64144ccf1df_6.0.18362.295_none_e6c3acbd13101292;C:\Program Files\Amazon Corretto\jdk11.0.4_10\bin\server;C:\Program Files (x86)\NVIDIA Corporation\3D Vision

VM Arguments:
jvm_args: -Dfile.encoding=UTF-8 
java_command: v.i.incandenza.CSFBL_WAR_Tool
java_class_path (initial): C:\Users\Benjamin\git\repository\csfbl-war-tool\target\classes;C:\Users\Benjamin\.m2\repository\junit\junit\3.8.1\junit-3.8.1.jar;C:\Users\Benjamin\.m2\repository\org\jsoup\jsoup\1.11.3\jsoup-1.11.3.jar
Launcher Type: SUN_STANDARD

[Global flags]
     intx CICompilerCount                          = 3                                         {product} {ergonomic}
     uint ConcGCThreads                            = 2                                         {product} {ergonomic}
     uint G1ConcRefinementThreads                  = 6                                         {product} {ergonomic}
   size_t G1HeapRegionSize                         = 1048576                                   {product} {ergonomic}
    uintx GCDrainStackTargetSize                   = 64                                        {product} {ergonomic}
   size_t InitialHeapSize                          = 268435456                                 {product} {ergonomic}
   size_t MarkStackSize                            = 4194304                                   {product} {ergonomic}
   size_t MaxHeapSize                              = 4290772992                                {product} {ergonomic}
   size_t MaxNewSize                               = 2574254080                                {product} {ergonomic}
   size_t MinHeapDeltaBytes                        = 1048576                                   {product} {ergonomic}
    uintx NonNMethodCodeHeapSize                   = 5830092                                {pd product} {ergonomic}
    uintx NonProfiledCodeHeapSize                  = 122914074                              {pd product} {ergonomic}
    uintx ProfiledCodeHeapSize                     = 122914074                              {pd product} {ergonomic}
    uintx ReservedCodeCacheSize                    = 251658240                              {pd product} {ergonomic}
     bool SegmentedCodeCache                       = true                                      {product} {ergonomic}
     bool UseCompressedClassPointers               = true                                 {lp64_product} {ergonomic}
     bool UseCompressedOops                        = true                                 {lp64_product} {ergonomic}
     bool UseG1GC                                  = true                                      {product} {ergonomic}
     bool UseLargePagesIndividualAllocation        = false                                  {pd product} {ergonomic}

Logging:
Log output configuration:
 #0: stdout all=warning uptime,level,tags
 #1: stderr all=off uptime,level,tags

Environment Variables:
JAVA_HOME=C:\Program Files (x86)\jdk-11.0.2
PATH=C:/Program Files/Amazon Corretto/jdk11.0.4_10/bin/server;C:/Program Files/Amazon Corretto/jdk11.0.4_10/bin;C:\Program Files\Amazon Corretto\jdk11.0.4_10\bin;C:\Windows\system32;C:\Windows;C:\Windows\System32\Wbem;C:\Windows\System32\WindowsPowerShell\v1.0\;C:\Windows\System32\OpenSSH\;C:\Program Files (x86)\jdk-11.0.2\bin;C:\Users\Benjamin\eclipse\java-2019-062\eclipse;
USERNAME=Benjamin
OS=Windows_NT
PROCESSOR_IDENTIFIER=Intel64 Family 6 Model 44 Stepping 2, GenuineIntel



---------------  S Y S T E M  ---------------

OS: Windows 10 , 64 bit Build 18362 (10.0.18362.86)

CPU:total 6 (initial active 6) (6 cores per cpu, 2 threads per core) family 6 model 44 stepping 2, cmov, cx8, fxsr, mmx, sse, sse2, sse3, ssse3, sse4.1, sse4.2, popcnt, aes, clmul, ht, tsc, tscinvbit, tscinv

Memory: 4k page, system-wide physical 16367M (12439M free)
TotalPageFile size 18799M (AvailPageFile size 14179M)
current process WorkingSet (physical memory assigned to process): 122M, peak: 150M
current process commit charge ("private bytes"): 404M, peak: 432M

vm_info: OpenJDK 64-Bit Server VM (11.0.4+11-LTS) for windows-amd64 JRE (11.0.4+11-LTS), built on Jul 11 2019 21:08:18 by "Administrator" with unknown MS VC++:1916

END.
